<?xml version="1.0" encoding="UTF-8"?>
<!-- Generated by org.testng.reporters.JUnitXMLReporter -->
<testsuite ignored="0" hostname="DESKTOP-4750ECB" failures="0" tests="7" name="Surefire test" time="186.004" errors="0" timestamp="2023-06-14T11:10:24 IST">
  <testcase classname="TestLayer.AdminPageTest" name="validateHomePageTest" time="0.115"/>
  <testcase classname="TestLayer.AdminPageTest" name="adminViaDropDownTest" time="10.741"/>
  <testcase classname="TestLayer.HomePageTest" name="getHomePageTitleTest" time="0.009"/>
  <testcase classname="TestLayer.HomePageTest" name="validateHomePageTest" time="0.069"/>
  <testcase classname="TestLayer.HomePageTest" name="adminTest" time="6.439"/>
  <testcase classname="TestLayer.LoginPageTest" name="validateurl" time="0.01"/>
  <testcase classname="TestLayer.LoginPageTest" name="loginTest" time="20.327"/>
</testsuite> <!-- Surefire test -->
