<?xml version="1.0" encoding="UTF-8"?>
<!-- Generated by org.testng.reporters.JUnitXMLReporter -->
<testsuite ignored="3" hostname="DESKTOP-4750ECB" failures="0" tests="1" name="Test" time="32.806" errors="0" timestamp="2023-06-15T11:55:36 IST">
  <testcase classname="TestLayer.HomePageTest" name="selectDropDownTest" time="12.008"/>
  <testcase classname="TestLayer.HomePageTest" name="getHomePageTitleTest" time="0.0">
    <ignored/>
  </testcase> <!-- getHomePageTitleTest -->
  <testcase classname="TestLayer.HomePageTest" name="validateHomePageTest" time="0.0">
    <ignored/>
  </testcase> <!-- validateHomePageTest -->
  <testcase classname="TestLayer.HomePageTest" name="adminTest" time="0.0">
    <ignored/>
  </testcase> <!-- adminTest -->
</testsuite> <!-- Test -->
