<?xml version="1.0" encoding="UTF-8"?>
<!-- Generated by org.testng.reporters.JUnitXMLReporter -->
<testsuite ignored="1" hostname="DESKTOP-4750ECB" failures="1" tests="9" name="Test" time="296.263" errors="0" timestamp="2023-06-21T17:42:20 IST">
  <testcase classname="TestLayer.HomePageTest" name="getHomePageTitleTest" time="0.046"/>
  <testcase classname="TestLayer.HomePageTest" name="validateHomePageTest" time="0.106"/>
  <testcase classname="TestLayer.HomePageTest" name="adminTest" time="1.037"/>
  <testcase classname="TestLayer.HomePageTest" name="selectDropDownTest" time="6.908"/>
  <testcase classname="TestLayer.AdminPageTest" name="validateHomePageTest" time="0.079"/>
  <testcase classname="TestLayer.AdminPageTest" name="clickOnEducationTest" time="13.426"/>
  <testcase classname="TestLayer.LoginPageTest" name="loginTest" time="0.0">
    <failure type="org.testng.TestNGException" message="
Data Provider public java.lang.Object[][] TestLayer.LoginPageTest.excelDP() throws java.io.IOException returned a null value">
      <![CDATA[org.testng.TestNGException: 
Data Provider public java.lang.Object[][] TestLayer.LoginPageTest.excelDP() throws java.io.IOException returned a null value
at java.base/java.util.ArrayList.forEach(ArrayList.java:1511)
... Removed 24 stack frames]]>
    </failure>
  </testcase> <!-- loginTest -->
  <testcase classname="TestLayer.EducationPageTest" name="validateEducationPageTest" time="0.055"/>
  <testcase classname="TestLayer.EducationPageTest" name="clickOnDeleteTest" time="5.29"/>
  <testcase classname="TestLayer.LoginPageTest" name="validateurl" time="0.0">
    <ignored/>
  </testcase> <!-- validateurl -->
</testsuite> <!-- Test -->
