<?xml version="1.0" encoding="UTF-8"?>
<testng-results ignored="0" total="2" passed="2" failed="0" skipped="0">
  <reporter-output>
  </reporter-output>
  <suite started-at="2023-06-12T21:40:44 IST" name="Surefire suite" finished-at="2023-06-12T21:41:46 IST" duration-ms="62472">
    <groups>
    </groups>
    <test started-at="2023-06-12T21:40:44 IST" name="Surefire test" finished-at="2023-06-12T21:41:46 IST" duration-ms="62472">
      <class name="Test1">
        <test-method is-config="true" signature="testbefore()[pri:0, instance:Test1@140c9f39]" started-at="2023-06-12T21:40:44 IST" name="testbefore" finished-at="2023-06-12T21:40:44 IST" duration-ms="21" status="PASS">
          <reporter-output>
          </reporter-output>
        </test-method> <!-- testbefore -->
        <test-method signature="tests()[pri:0, instance:Test1@140c9f39]" started-at="2023-06-12T21:40:44 IST" name="tests" finished-at="2023-06-12T21:40:44 IST" duration-ms="2" status="PASS">
          <reporter-output>
          </reporter-output>
        </test-method> <!-- tests -->
        <test-method signature="runn()[pri:1, instance:Test1@140c9f39]" started-at="2023-06-12T21:40:44 IST" name="runn" finished-at="2023-06-12T21:41:46 IST" duration-ms="62351" status="PASS">
          <reporter-output>
          </reporter-output>
        </test-method> <!-- runn -->
        <test-method is-config="true" signature="testafter()[pri:0, instance:Test1@140c9f39]" started-at="2023-06-12T21:41:46 IST" name="testafter" finished-at="2023-06-12T21:41:46 IST" duration-ms="4" status="PASS">
          <reporter-output>
          </reporter-output>
        </test-method> <!-- testafter -->
      </class> <!-- Test1 -->
    </test> <!-- Surefire test -->
  </suite> <!-- Surefire suite -->
</testng-results>
