<?xml version="1.0" encoding="UTF-8"?>
<testng-results ignored="0" total="7" passed="7" failed="0" skipped="0">
  <reporter-output>
  </reporter-output>
  <suite started-at="2023-06-14T11:07:18 IST" name="Surefire suite" finished-at="2023-06-14T11:10:24 IST" duration-ms="186004">
    <groups>
    </groups>
    <test started-at="2023-06-14T11:07:18 IST" name="Surefire test" finished-at="2023-06-14T11:10:24 IST" duration-ms="186004">
      <class name="TestLayer.HomePageTest">
        <test-method is-config="true" signature="setup()[pri:0, instance:TestLayer.HomePageTest@63070bab]" started-at="2023-06-14T11:08:25 IST" name="setup" finished-at="2023-06-14T11:08:42 IST" duration-ms="17007" status="PASS">
          <reporter-output>
          </reporter-output>
        </test-method> <!-- setup -->
        <test-method signature="getHomePageTitleTest()[pri:0, instance:TestLayer.HomePageTest@63070bab]" started-at="2023-06-14T11:08:42 IST" name="getHomePageTitleTest" finished-at="2023-06-14T11:08:42 IST" duration-ms="9" status="PASS">
          <reporter-output>
          </reporter-output>
        </test-method> <!-- getHomePageTitleTest -->
        <test-method is-config="true" signature="tearDown()[pri:0, instance:TestLayer.HomePageTest@63070bab]" started-at="2023-06-14T11:08:42 IST" name="tearDown" finished-at="2023-06-14T11:08:42 IST" duration-ms="273" status="PASS">
          <reporter-output>
          </reporter-output>
        </test-method> <!-- tearDown -->
        <test-method is-config="true" signature="setup()[pri:0, instance:TestLayer.HomePageTest@63070bab]" started-at="2023-06-14T11:08:42 IST" name="setup" finished-at="2023-06-14T11:08:59 IST" duration-ms="16675" status="PASS">
          <reporter-output>
          </reporter-output>
        </test-method> <!-- setup -->
        <test-method signature="validateHomePageTest()[pri:1, instance:TestLayer.HomePageTest@63070bab]" started-at="2023-06-14T11:08:59 IST" name="validateHomePageTest" finished-at="2023-06-14T11:08:59 IST" duration-ms="69" status="PASS">
          <reporter-output>
          </reporter-output>
        </test-method> <!-- validateHomePageTest -->
        <test-method is-config="true" signature="tearDown()[pri:0, instance:TestLayer.HomePageTest@63070bab]" started-at="2023-06-14T11:08:59 IST" name="tearDown" finished-at="2023-06-14T11:08:59 IST" duration-ms="413" status="PASS">
          <reporter-output>
          </reporter-output>
        </test-method> <!-- tearDown -->
        <test-method is-config="true" signature="setup()[pri:0, instance:TestLayer.HomePageTest@63070bab]" started-at="2023-06-14T11:08:59 IST" name="setup" finished-at="2023-06-14T11:09:16 IST" duration-ms="16376" status="PASS">
          <reporter-output>
          </reporter-output>
        </test-method> <!-- setup -->
        <test-method signature="adminTest()[pri:2, instance:TestLayer.HomePageTest@63070bab]" started-at="2023-06-14T11:09:16 IST" name="adminTest" finished-at="2023-06-14T11:09:22 IST" duration-ms="6439" status="PASS">
          <reporter-output>
          </reporter-output>
        </test-method> <!-- adminTest -->
        <test-method is-config="true" signature="tearDown()[pri:0, instance:TestLayer.HomePageTest@63070bab]" started-at="2023-06-14T11:09:22 IST" name="tearDown" finished-at="2023-06-14T11:09:22 IST" duration-ms="330" status="PASS">
          <reporter-output>
          </reporter-output>
        </test-method> <!-- tearDown -->
      </class> <!-- TestLayer.HomePageTest -->
      <class name="TestLayer.LoginPageTest">
        <test-method is-config="true" signature="setup()[pri:0, instance:TestLayer.LoginPageTest@68e5eea7]" started-at="2023-06-14T11:09:22 IST" name="setup" finished-at="2023-06-14T11:09:40 IST" duration-ms="17504" status="PASS">
          <reporter-output>
          </reporter-output>
        </test-method> <!-- setup -->
        <test-method signature="validateurl()[pri:0, instance:TestLayer.LoginPageTest@68e5eea7]" started-at="2023-06-14T11:09:40 IST" name="validateurl" finished-at="2023-06-14T11:09:40 IST" duration-ms="10" status="PASS">
          <reporter-output>
          </reporter-output>
        </test-method> <!-- validateurl -->
        <test-method is-config="true" signature="tearDown()[pri:0, instance:TestLayer.LoginPageTest@68e5eea7]" started-at="2023-06-14T11:09:40 IST" name="tearDown" finished-at="2023-06-14T11:09:40 IST" duration-ms="375" status="PASS">
          <reporter-output>
          </reporter-output>
        </test-method> <!-- tearDown -->
        <test-method is-config="true" signature="setup()[pri:0, instance:TestLayer.LoginPageTest@68e5eea7]" started-at="2023-06-14T11:09:40 IST" name="setup" finished-at="2023-06-14T11:10:04 IST" duration-ms="23451" status="PASS">
          <reporter-output>
          </reporter-output>
        </test-method> <!-- setup -->
        <test-method signature="loginTest()[pri:1, instance:TestLayer.LoginPageTest@68e5eea7]" started-at="2023-06-14T11:10:04 IST" name="loginTest" finished-at="2023-06-14T11:10:24 IST" duration-ms="20327" status="PASS">
          <reporter-output>
          </reporter-output>
        </test-method> <!-- loginTest -->
        <test-method is-config="true" signature="tearDown()[pri:0, instance:TestLayer.LoginPageTest@68e5eea7]" started-at="2023-06-14T11:10:24 IST" name="tearDown" finished-at="2023-06-14T11:10:24 IST" duration-ms="310" status="PASS">
          <reporter-output>
          </reporter-output>
        </test-method> <!-- tearDown -->
      </class> <!-- TestLayer.LoginPageTest -->
      <class name="TestLayer.AdminPageTest">
        <test-method is-config="true" signature="setup()[pri:0, instance:TestLayer.AdminPageTest@4988d8b8]" started-at="2023-06-14T11:07:18 IST" name="setup" finished-at="2023-06-14T11:07:48 IST" duration-ms="29739" status="PASS">
          <reporter-output>
          </reporter-output>
        </test-method> <!-- setup -->
        <test-method signature="validateHomePageTest()[pri:1, instance:TestLayer.AdminPageTest@4988d8b8]" started-at="2023-06-14T11:07:48 IST" name="validateHomePageTest" finished-at="2023-06-14T11:07:48 IST" duration-ms="115" status="PASS">
          <reporter-output>
          </reporter-output>
        </test-method> <!-- validateHomePageTest -->
        <test-method is-config="true" signature="tearDown()[pri:0, instance:TestLayer.AdminPageTest@4988d8b8]" started-at="2023-06-14T11:07:48 IST" name="tearDown" finished-at="2023-06-14T11:07:49 IST" duration-ms="540" status="PASS">
          <reporter-output>
          </reporter-output>
        </test-method> <!-- tearDown -->
        <test-method is-config="true" signature="setup()[pri:0, instance:TestLayer.AdminPageTest@4988d8b8]" started-at="2023-06-14T11:07:49 IST" name="setup" finished-at="2023-06-14T11:08:14 IST" duration-ms="24855" status="PASS">
          <reporter-output>
          </reporter-output>
        </test-method> <!-- setup -->
        <test-method signature="adminViaDropDownTest()[pri:2, instance:TestLayer.AdminPageTest@4988d8b8]" started-at="2023-06-14T11:08:14 IST" name="adminViaDropDownTest" finished-at="2023-06-14T11:08:24 IST" duration-ms="10741" status="PASS">
          <reporter-output>
          </reporter-output>
        </test-method> <!-- adminViaDropDownTest -->
        <test-method is-config="true" signature="tearDown()[pri:0, instance:TestLayer.AdminPageTest@4988d8b8]" started-at="2023-06-14T11:08:24 IST" name="tearDown" finished-at="2023-06-14T11:08:25 IST" duration-ms="327" status="PASS">
          <reporter-output>
          </reporter-output>
        </test-method> <!-- tearDown -->
      </class> <!-- TestLayer.AdminPageTest -->
    </test> <!-- Surefire test -->
  </suite> <!-- Surefire suite -->
</testng-results>
