<?xml version="1.0" encoding="UTF-8"?>
<testng-results ignored="0" total="1" passed="1" failed="0" skipped="0">
  <reporter-output>
  </reporter-output>
  <suite started-at="2023-06-15T11:55:03 IST" name="OrangeHRM" finished-at="2023-06-15T11:55:36 IST" duration-ms="32850">
    <groups>
    </groups>
    <test started-at="2023-06-15T11:55:03 IST" name="Test" finished-at="2023-06-15T11:55:36 IST" duration-ms="32806">
      <class name="TestLayer.HomePageTest">
        <test-method is-config="true" signature="setup()[pri:0, instance:TestLayer.HomePageTest@5b247367]" started-at="2023-06-15T11:55:03 IST" name="setup" finished-at="2023-06-15T11:55:23 IST" duration-ms="20361" status="PASS">
          <reporter-output>
          </reporter-output>
        </test-method> <!-- setup -->
        <test-method signature="selectDropDownTest()[pri:3, instance:TestLayer.HomePageTest@5b247367]" started-at="2023-06-15T11:55:23 IST" name="selectDropDownTest" finished-at="2023-06-15T11:55:35 IST" duration-ms="12008" status="PASS">
          <reporter-output>
          </reporter-output>
        </test-method> <!-- selectDropDownTest -->
        <test-method is-config="true" signature="tearDown()[pri:0, instance:TestLayer.HomePageTest@5b247367]" started-at="2023-06-15T11:55:35 IST" name="tearDown" finished-at="2023-06-15T11:55:36 IST" duration-ms="356" status="PASS">
          <reporter-output>
          </reporter-output>
        </test-method> <!-- tearDown -->
      </class> <!-- TestLayer.HomePageTest -->
    </test> <!-- Test -->
    <test started-at="2023-06-15T11:55:36 IST" name="Test1" finished-at="2023-06-15T11:55:36 IST" duration-ms="1">
    </test> <!-- Test1 -->
    <test started-at="2023-06-15T11:55:36 IST" name="Test2" finished-at="2023-06-15T11:55:36 IST" duration-ms="2">
    </test> <!-- Test2 -->
  </suite> <!-- OrangeHRM -->
</testng-results>
